{
  "RSpec": {
    "coverage": {
      "/Users/alejandra/Documents/VitaWallet/API_Transaction/app/models/user.rb": {
        "lines": [
          1,
          1,
          1,
          null,
          1,
          3,
          null,
          null,
          1,
          15,
          11,
          2,
          null,
          null,
          1,
          12,
          6,
          null,
          null,
          12,
          7,
          null,
          5,
          null,
          null,
          null
        ]
      },
      "/Users/alejandra/Documents/VitaWallet/API_Transaction/app/models/application_record.rb": {
        "lines": [
          1,
          1,
          null
        ]
      },
      "/Users/alejandra/Documents/VitaWallet/API_Transaction/app/models/transaction.rb": {
        "lines": [
          1,
          1,
          1,
          null,
          1,
          1,
          null
        ]
      },
      "/Users/alejandra/Documents/VitaWallet/API_Transaction/app/controllers/transactions_controller.rb": {
        "lines": [
          1,
          1,
          1,
          1,
          1,
          null,
          null,
          1,
          2,
          2,
          null,
          null,
          null,
          1,
          null,
          2,
          null,
          null,
          null,
          null,
          null,
          null,
          null,
          null,
          null,
          null,
          null,
          null,
          null,
          null,
          null,
          null,
          null,
          null,
          1,
          7,
          7,
          null,
          null,
          7,
          7,
          1,
          null,
          6,
          6,
          6,
          null,
          null,
          6,
          1,
          null,
          null,
          null,
          null,
          5,
          null,
          4,
          null,
          null,
          1,
          null,
          null,
          null,
          6,
          null,
          4,
          null,
          4,
          null,
          4,
          null,
          2,
          null,
          null,
          null,
          null,
          null,
          1,
          1,
          null,
          null,
          1,
          8,
          null,
          8,
          8,
          null,
          8,
          8,
          8,
          null,
          8,
          8,
          8,
          null,
          null,
          1,
          null,
          1,
          3,
          null,
          null,
          null,
          1,
          7,
          null,
          null
        ]
      },
      "/Users/alejandra/Documents/VitaWallet/API_Transaction/app/controllers/application_controller.rb": {
        "lines": [
          1,
          null
        ]
      },
      "/Users/alejandra/Documents/VitaWallet/API_Transaction/app/controllers/users_controller.rb": {
        "lines": [
          1,
          1,
          null,
          null,
          1,
          1,
          null,
          1,
          null,
          null,
          null,
          1,
          1,
          null,
          null,
          null,
          1,
          4,
          null,
          4,
          2,
          null,
          2,
          null,
          null,
          null,
          null,
          1,
          2,
          1,
          null,
          1,
          null,
          null,
          null,
          null,
          1,
          1,
          null,
          null,
          null,
          1,
          1,
          null,
          null,
          1,
          null,
          1,
          5,
          null,
          null,
          null,
          1,
          6,
          null,
          null
        ]
      }
    },
    "timestamp": 1748025007
  }
}
