{
  "RSpec": {
    "coverage": {
      "/Users/alejandra/Documents/VitaWallet/API_Transaction/app/models/user.rb": {
        "lines": [
          1,
          null
        ]
      },
      "/Users/alejandra/Documents/VitaWallet/API_Transaction/app/models/application_record.rb": {
        "lines": [
          1,
          1,
          null
        ]
      },
      "/Users/alejandra/Documents/VitaWallet/API_Transaction/app/controllers/application_controller.rb": {
        "lines": [
          0,
          0
        ],
        "branches": {}
      },
      "/Users/alejandra/Documents/VitaWallet/API_Transaction/app/controllers/users_controller.rb": {
        "lines": [
          0,
          0,
          null,
          null,
          0,
          0,
          null,
          0,
          0,
          null,
          null,
          0,
          0,
          0,
          null,
          null,
          0,
          0,
          null,
          0,
          0,
          0,
          0,
          0,
          0,
          null,
          null,
          0,
          0,
          0,
          0,
          0,
          0,
          0,
          null,
          null,
          0,
          0,
          0,
          null,
          0,
          null,
          0,
          0,
          0,
          null,
          null,
          0,
          0,
          0,
          0
        ],
        "branches": {}
      }
    },
    "timestamp": 1747946280
  }
}
